<?xml version="1.0" encoding="UTF-8"?>
<!-- Generated by org.testng.reporters.JUnitXMLReporter -->
<testsuite hostname="U0088373" ignored="0" name="Default test" tests="2" failures="0" timestamp="11 Jan 2017 19:32:49 GMT" time="0.021" errors="0">
  <testcase name="@BeforeSuite beforeSuite" time="0.0" classname="testUtilities.TestBase">
    <failure type="org.testng.TestNGException" message="
Parameter &amp;apos;browserType&amp;apos; is required by BeforeSuite on method beforeSuite but has not been marked @Optional or defined
in C:\Users\mjeffries\AppData\Local\Temp\testng-eclipse-1427356341\testng-customsuite.xml">
      <![CDATA[org.testng.TestNGException: 
Parameter 'browserType' is required by BeforeSuite on method beforeSuite but has not been marked @Optional or defined
in C:\Users\mjeffries\AppData\Local\Temp\testng-eclipse-1427356341\testng-customsuite.xml
	at org.testng.internal.Parameters.createParameters(Parameters.java:199)
	at org.testng.internal.Parameters.createParameters(Parameters.java:443)
	at org.testng.internal.Parameters.createConfigurationParameters(Parameters.java:118)
	at org.testng.internal.Invoker.invokeConfigurations(Invoker.java:203)
	at org.testng.internal.Invoker.invokeConfigurations(Invoker.java:144)
	at org.testng.SuiteRunner.privateRun(SuiteRunner.java:326)
	at org.testng.SuiteRunner.run(SuiteRunner.java:289)
	at org.testng.SuiteRunnerWorker.runSuite(SuiteRunnerWorker.java:52)
	at org.testng.SuiteRunnerWorker.run(SuiteRunnerWorker.java:86)
	at org.testng.TestNG.runSuitesSequentially(TestNG.java:1293)
	at org.testng.TestNG.runSuitesLocally(TestNG.java:1218)
	at org.testng.TestNG.runSuites(TestNG.java:1133)
	at org.testng.TestNG.run(TestNG.java:1104)
	at org.testng.remote.AbstractRemoteTestNG.run(AbstractRemoteTestNG.java:132)
	at org.testng.remote.RemoteTestNG.initAndRun(RemoteTestNG.java:236)
	at org.testng.remote.RemoteTestNG.main(RemoteTestNG.java:81)
]]>
    </failure>
  </testcase> <!-- @BeforeSuite beforeSuite -->
  <testcase name="@BeforeClass beforeEveryClass" time="0.0" classname="testUtilities.TestBase">
    <skipped/>
  </testcase> <!-- @BeforeClass beforeEveryClass -->
  <testcase name="@AfterMethod afterEveryTestMethod" time="0.0" classname="testUtilities.TestBase">
    <skipped/>
  </testcase> <!-- @AfterMethod afterEveryTestMethod -->
  <testcase name="@AfterMethod afterEveryTestMethod" time="0.0" classname="testUtilities.TestBase">
    <skipped/>
  </testcase> <!-- @AfterMethod afterEveryTestMethod -->
  <testcase name="findLogo" time="0.003" classname="tests.Home">
    <skipped/>
  </testcase> <!-- findLogo -->
  <testcase name="findSearchTextBox" time="0.0" classname="tests.Home">
    <skipped/>
  </testcase> <!-- findSearchTextBox -->
</testsuite> <!-- Default test -->
